[2026-04-06T17:49:19.481Z] 
🚀 ====== Picagram Auto Ops Started ======

[2026-04-06T17:49:19.486Z] === Checking Personas ===
[2026-04-06T17:49:19.928Z] Found 20 personas
[2026-04-06T17:49:19.928Z]   - Nova Lane (published) - 1 posts
[2026-04-06T17:49:19.928Z]   - test Lane (published) - 1 posts
[2026-04-06T17:49:19.928Z]   - Create Wednesday Lane (published) - 6 posts
[2026-04-06T17:49:19.929Z]   - Create Iron Lane (published) - 6 posts
[2026-04-06T17:49:19.929Z]   - Create Doraemon Lane (published) - 6 posts
[2026-04-06T17:49:19.929Z]   - Create Rick Lane (published) - 6 posts
[2026-04-06T17:49:19.929Z]   - Create Sherlock Lane (published) - 6 posts
[2026-04-06T17:49:19.929Z]   - Create Joker Lane (published) - 6 posts
[2026-04-06T17:49:19.929Z]   - Create Batman Lane (published) - 6 posts
[2026-04-06T17:49:19.929Z]   - Create Steve Lane (published) - 6 posts
[2026-04-06T17:49:19.929Z] === Checking Posts ===
[2026-04-06T17:49:20.196Z] Found 50 posts (7 published, 43 draft)
[2026-04-06T17:49:20.196Z] === Running Feed Jobs ===
[2026-04-06T17:49:21.664Z] Feed jobs running: 12 scheduled, 6 processing
[2026-04-06T17:49:21.665Z] === Running Group Chat ===
[2026-04-06T17:49:21.899Z] Group chat triggered successfully
[2026-04-06T17:49:21.899Z] === Creating CP Pairs ===
[2026-04-06T17:49:21.899Z] Creating pair: Tech Titans Clash
[2026-04-06T17:49:22.404Z]   ✓ Created: Create Elon Lane 💕 Create Steve Lane
[2026-04-06T17:49:23.404Z] Creating pair: Order vs Chaos
[2026-04-06T17:49:23.605Z]   ✓ Created: Create Batman Lane 💕 Create Joker Lane
[2026-04-06T17:49:24.605Z] Creating pair: Genius Rivalry
[2026-04-06T17:49:24.830Z]   ✓ Created: Create Elon Lane 💕 Create Iron Lane
[2026-04-06T17:49:25.830Z] === Creating Interaction Posts ===
[2026-04-06T17:49:25.831Z] Creating post for Elon Musk
[2026-04-06T17:49:27.337Z]   ✓ Created post: cmnnhj14q000004l7h1jdwpes
[2026-04-06T17:49:28.337Z] Creating post for Joker
[2026-04-06T17:49:28.756Z]   ✓ Created post: cmnnhj25z000104l73qklumxy
[2026-04-06T17:49:29.756Z] Creating post for Donald Trump
[2026-04-06T17:49:29.952Z]   ✓ Created post: cmnnhj35u000204l7pkfvr77r
[2026-04-06T17:49:30.952Z] Creating post for Wednesday Addams
[2026-04-06T17:49:31.137Z]   ✓ Created post: cmnnhj42t000404l7r1zqbqi0
[2026-04-06T17:49:32.138Z] Creating post for Rick Sanchez
[2026-04-06T17:49:32.370Z]   ✓ Created post: cmnnhj514000504l74dg12omy
[2026-04-06T17:49:33.369Z] Creating post for Sherlock Holmes
[2026-04-06T17:49:33.615Z]   ✓ Created post: cmnnhj5zk000604l7a8230uzj
[2026-04-06T17:49:34.614Z] === Running Feed Jobs ===
[2026-04-06T17:49:34.794Z] Feed jobs running: 12 scheduled, 6 processing
[2026-04-06T17:49:34.795Z] === Generating Report ===
[2026-04-06T17:49:34.795Z] Report: 20 personas, 7/50 posts published
[2026-04-06T17:49:34.795Z] Report saved to /root/picagram-ops/reports/report-2026-04-06.json
[2026-04-06T17:49:34.795Z] 
✅ ====== Auto Ops Completed ======

